<?xml version="1.0" encoding="UTF-8"?>
<!-- Generated by org.testng.reporters.JUnitXMLReporter -->
<testsuite ignored="0" hostname="SHIV" failures="0" tests="6" name="Default test" time="37.378" errors="0" timestamp="2024-08-19T13:19:05 IST">
  <testcase classname="snapdeal_test.snapdeal" name="TitleTest" time="4.222"/>
  <testcase classname="snapdeal_test.snapdeal" name="VerifyFilteringOptionsTest" time="0.926"/>
  <testcase classname="snapdeal_test.snapdeal" name="VerifyClearFilterTest" time="0.19"/>
  <testcase classname="snapdeal_test.snapdeal" name="CartTest" time="1.313"/>
  <testcase classname="snapdeal_test.snapdeal" name="VerifyBrokenLinkTest" time="8.747"/>
  <testcase classname="snapdeal_test.snapdeal" name="VerifyPincode" time="0.259"/>
</testsuite> <!-- Default test -->
