<?xml version="1.0" encoding="UTF-8"?>
<!-- Generated by org.testng.reporters.JUnitXMLReporter -->
<testsuite ignored="0" hostname="SHIV" failures="0" tests="6" name="Test" time="45.477" errors="0" timestamp="2024-08-19T13:46:01 IST">
  <testcase classname="snapdeal_test.snapdeal" name="TitleTest" time="5.243"/>
  <testcase classname="snapdeal_test.snapdeal" name="VerifyFilteringOptionsTest" time="0.886"/>
  <testcase classname="snapdeal_test.snapdeal" name="VerifyClearFilterTest" time="0.288"/>
  <testcase classname="snapdeal_test.snapdeal" name="CartTest" time="1.009"/>
  <testcase classname="snapdeal_test.snapdeal" name="VerifyBrokenLinkTest" time="16.007"/>
  <testcase classname="snapdeal_test.snapdeal" name="VerifyPincode" time="0.318"/>
</testsuite> <!-- Test -->
